2019-01-04 20:32:54 INFO  main [mainwindow.cpp:80] Mitsuba version 0.5.0 (Windows, 64 bit), Copyright (c) 2014 Wenzel Jakob
2019-01-04 20:32:54 INFO  main [mainwindow.cpp:83] Configured for RGB-based rendering
2019-01-04 20:32:54 DEBUG main [WGLSession] Initializing WGL session
2019-01-04 20:32:54 DEBUG main [WGLRenderer] Using an existing WGL context
2019-01-04 20:32:54 DEBUG main [GLRenderer] OpenGL renderer : GeForce GTX 960/PCIe/SSE2
2019-01-04 20:32:54 DEBUG main [GLRenderer] OpenGL vendor   : NVIDIA Corporation
2019-01-04 20:32:54 DEBUG main [GLRenderer] OpenGL version  : 4.6.0 NVIDIA 388.13
2019-01-04 20:32:54 DEBUG main [GLRenderer] Capabilities: Framebuffers objects are supported.
2019-01-04 20:32:54 DEBUG main [GLRenderer] Capabilities: GLSL is supported.
2019-01-04 20:32:54 DEBUG main [GLRenderer] Capabilities: Floating point textures are supported.
2019-01-04 20:32:54 DEBUG main [GLRenderer] Capabilities: Floating point color buffers are supported.
2019-01-04 20:32:54 DEBUG main [GLRenderer] Capabilities: Fast buffer blitting is supported.
2019-01-04 20:32:54 DEBUG main [GLRenderer] Capabilities: Multisample framebuffer objects are supported.
2019-01-04 20:32:54 DEBUG main [GLRenderer] Capabilities: Vertex buffer objects are supported.
2019-01-04 20:32:54 DEBUG main [GLRenderer] Capabilities: Geometry shaders are supported.
2019-01-04 20:32:54 DEBUG main [GLRenderer] Capabilities: Custom texture filtering is supported.
2019-01-04 20:32:54 DEBUG main [GLRenderer] Capabilities: Synchronization objects are supported.
2019-01-04 20:32:54 DEBUG main [GLRenderer] Capabilities: Bindless rendering is supported.
2019-01-04 20:32:54 DEBUG main [Thread] Spawning thread "prvw"
2019-01-04 20:32:54 DEBUG prvw [WGLDevice] Initializing WGL device
2019-01-04 20:32:54 DEBUG prvw [WGLRenderer] Initializing WGL renderer
2019-01-04 20:32:54 DEBUG prvw [GLProgram] Uploading a GPU program : GPUProgram[name = 'Accumulation program']
2019-01-04 20:32:54 DEBUG prvw [GLProgram] Uploading a GPU program : GPUProgram[name = 'Directional shadow map generator']
2019-01-04 20:32:54 DEBUG prvw [GLProgram] Uploading a GPU program : GPUProgram[name = 'Paraboloid shadow map generator', maxVertices=4]
2019-01-04 20:32:54 DEBUG prvw [GLProgram] Uploading a GPU program : GPUProgram[name = 'Cube/Hemicube shadow map generator (5/6 pass version)']
2019-01-04 20:32:54 DEBUG prvw [GLProgram] Uploading a GPU program : GPUProgram[name = 'Cube shadow map generator (1 pass version)', maxVertices=18]
2019-01-04 20:32:54 DEBUG prvw [GLProgram] Uploading a GPU program : GPUProgram[name = 'Hemicube shadow map generator (1 pass version)', maxVertices=15]
2019-01-04 20:32:54 DEBUG main [GLProgram] Uploading a GPU program : GPUProgram[name = 'Tonemapper [Gamma]']
2019-01-04 20:32:54 DEBUG main [GLProgram] Uploading a GPU program : GPUProgram[name = 'Tonemapper [Reinhard et al. 2002]']
2019-01-04 20:32:54 DEBUG main [GLProgram] Uploading a GPU program : GPUProgram[name = 'Downsampling program']
2019-01-04 20:32:54 DEBUG main [GLProgram] Uploading a GPU program : GPUProgram[name = 'Log-luminance program']
2019-01-04 20:32:54 DEBUG main [Thread] Spawning thread "wrk0"
2019-01-04 20:32:54 DEBUG main [Thread] Spawning thread "wrk1"
2019-01-04 20:32:54 DEBUG main [Thread] Spawning thread "wrk2"
2019-01-04 20:32:54 DEBUG main [Thread] Spawning thread "wrk3"
2019-01-04 20:32:54 DEBUG main [Thread] Spawning thread "wrk4"
2019-01-04 20:32:54 DEBUG main [Thread] Spawning thread "wrk5"
2019-01-04 20:32:54 DEBUG main [Thread] Spawning thread "wrk6"
2019-01-04 20:32:54 DEBUG main [Thread] Spawning thread "wrk7"
2019-01-04 20:32:54 DEBUG main [Thread] Spawning thread "wrk8"
2019-01-04 20:32:54 DEBUG main [Thread] Spawning thread "wrk9"
2019-01-04 20:32:54 DEBUG main [Thread] Spawning thread "wrk10"
2019-01-04 20:32:54 DEBUG main [Thread] Spawning thread "wrk11"
2019-01-04 20:32:54 DEBUG main [Thread] Spawning thread "wrk12"
2019-01-04 20:32:54 DEBUG main [Thread] Spawning thread "wrk13"
2019-01-04 20:32:54 DEBUG main [Thread] Spawning thread "wrk14"
2019-01-04 20:32:54 DEBUG main [Thread] Spawning thread "wrk15"
2019-01-04 20:32:59 DEBUG main [Thread] Spawning thread "load"
2019-01-04 20:32:59 INFO  load [sceneloader.cpp:101] Parsing scene description from "C:\Users\spark\code\terra\satellite\scenes\cornell-box\cornell-box-glossy.xml" ..
2019-01-04 20:32:59 INFO  load [PluginManager] Loading plugin "plugins\direct.dll" ..
2019-01-04 20:33:00 INFO  load [PluginManager] Loading plugin "plugins\diffuse.dll" ..
2019-01-04 20:33:01 WARN  load [scenehandler.cpp:795] In file "C:\Users\spark\code\terra\satellite\scenes\cornell-box\cornell-box-glossy.xml" (near line 43): Unqueried attribute "radiance" in element "bsdf"
2019-01-04 20:33:01 INFO  load [PluginManager] Loading plugin "plugins\serialized.dll" ..
2019-01-04 20:33:01 INFO  load [SerializedMesh] Loading shape 0 from "cornell-box-glossy.serialized" ..
2019-01-04 20:33:01 DEBUG load [SerializedMesh] Done (2 triangles, 6 vertices, 0 ms)
2019-01-04 20:33:01 INFO  load [SerializedMesh] Loading shape 1 from "cornell-box-glossy.serialized" ..
2019-01-04 20:33:01 DEBUG load [SerializedMesh] Done (2 triangles, 6 vertices, 0 ms)
2019-01-04 20:33:01 INFO  load [SerializedMesh] Loading shape 2 from "cornell-box-glossy.serialized" ..
2019-01-04 20:33:01 DEBUG load [SerializedMesh] Done (2 triangles, 6 vertices, 0 ms)
2019-01-04 20:33:01 INFO  load [SerializedMesh] Loading shape 3 from "cornell-box-glossy.serialized" ..
2019-01-04 20:33:01 DEBUG load [SerializedMesh] Done (2 triangles, 6 vertices, 0 ms)
2019-01-04 20:33:01 INFO  load [SerializedMesh] Loading shape 4 from "cornell-box-glossy.serialized" ..
2019-01-04 20:33:01 DEBUG load [SerializedMesh] Done (2 triangles, 6 vertices, 0 ms)
2019-01-04 20:33:01 INFO  load [SerializedMesh] Loading shape 5 from "cornell-box-glossy.serialized" ..
2019-01-04 20:33:01 DEBUG load [SerializedMesh] Done (2 triangles, 6 vertices, 0 ms)
2019-01-04 20:33:01 INFO  load [SerializedMesh] Loading shape 6 from "cornell-box-glossy.serialized" ..
2019-01-04 20:33:01 DEBUG load [SerializedMesh] Done (12 triangles, 24 vertices, 0 ms)
2019-01-04 20:33:01 INFO  load [SerializedMesh] Loading shape 7 from "cornell-box-glossy.serialized" ..
2019-01-04 20:33:01 DEBUG load [SerializedMesh] Done (1088 triangles, 628 vertices, 0 ms)
2019-01-04 20:33:01 INFO  load [Scene] No sensors found! Adding a perspective camera..
2019-01-04 20:33:01 INFO  load [PluginManager] Loading plugin "plugins\perspective.dll" ..
2019-01-04 20:33:02 INFO  load [PluginManager] Loading plugin "plugins\hdrfilm.dll" ..
2019-01-04 20:33:03 INFO  load [PluginManager] Loading plugin "plugins\gaussian.dll" ..
2019-01-04 20:33:03 INFO  load [PluginManager] Loading plugin "plugins\independent.dll" ..
2019-01-04 20:33:04 INFO  load [KDTreeBase] Constructing a SAH kd-tree (1112 primitives) ..
2019-01-04 20:33:04 DEBUG load [KDTreeBase] Creating a preliminary index list (4.3 KiB)
2019-01-04 20:33:04 DEBUG load [KDTreeBase] Computed scene bounds in 0 ms
2019-01-04 20:33:04 DEBUG load [KDTreeBase] 
2019-01-04 20:33:04 DEBUG load [KDTreeBase] kd-tree configuration:
2019-01-04 20:33:04 DEBUG load [KDTreeBase]    Traversal cost           : 15.00
2019-01-04 20:33:04 DEBUG load [KDTreeBase]    Query cost               : 20.00
2019-01-04 20:33:04 DEBUG load [KDTreeBase]    Empty space bonus        : 0.90
2019-01-04 20:33:04 DEBUG load [KDTreeBase]    Max. tree depth          : 21
2019-01-04 20:33:04 DEBUG load [KDTreeBase]    Scene bounding box (min) : [-1.02, -0.0001, -1.04]
2019-01-04 20:33:04 DEBUG load [KDTreeBase]    Scene bounding box (max) : [1, 1.59, 0.99]
2019-01-04 20:33:04 DEBUG load [KDTreeBase]    Min-max bins             : 128
2019-01-04 20:33:04 DEBUG load [KDTreeBase]    O(n log n) method        : use for <= 65536 primitives
2019-01-04 20:33:04 DEBUG load [KDTreeBase]    Perfect splits           : yes
2019-01-04 20:33:04 DEBUG load [KDTreeBase]    Retract bad splits       : yes
2019-01-04 20:33:04 DEBUG load [KDTreeBase]    Stopping primitive count : 6
2019-01-04 20:33:04 DEBUG load [KDTreeBase]    Build tree in parallel   : no
2019-01-04 20:33:04 DEBUG load [KDTreeBase] 
2019-01-04 20:33:04 INFO  load [KDTreeBase] Finished -- took 5 ms.
2019-01-04 20:33:04 DEBUG load [KDTreeBase] 
2019-01-04 20:33:04 DEBUG load [KDTreeBase] Temporary memory statistics:
2019-01-04 20:33:04 DEBUG load [KDTreeBase]    Classification storage : 4.6 KiB
2019-01-04 20:33:04 DEBUG load [KDTreeBase]    Indirection entries    : 0 (0 B)
2019-01-04 20:33:04 DEBUG load [KDTreeBase]    Main thread:
2019-01-04 20:33:04 DEBUG load [KDTreeBase]       Left events   : 1 chunks (512.0 KiB)
2019-01-04 20:33:04 DEBUG load [KDTreeBase]       Right events  : 1 chunks (512.0 KiB)
2019-01-04 20:33:04 DEBUG load [KDTreeBase]       kd-tree nodes : 1317 entries, 1 blocks (512.0 KiB)
2019-01-04 20:33:04 DEBUG load [KDTreeBase]       Indices       : 2164 entries, 1 blocks (512.0 KiB)
2019-01-04 20:33:04 DEBUG load [KDTreeBase]    Total: 2.0 MiB
2019-01-04 20:33:04 DEBUG load [KDTreeBase] 
2019-01-04 20:33:04 DEBUG load [KDTreeBase] Optimizing memory layout ..
2019-01-04 20:33:04 DEBUG load [KDTreeBase] Finished -- took 0 ms.
2019-01-04 20:33:04 DEBUG load [KDTreeBase] 
2019-01-04 20:33:04 DEBUG load [KDTreeBase] Structural kd-tree statistics:
2019-01-04 20:33:04 DEBUG load [KDTreeBase]    Parallel work units         : 0
2019-01-04 20:33:04 DEBUG load [KDTreeBase]    Node storage cost           : 10.2 KiB
2019-01-04 20:33:04 DEBUG load [KDTreeBase]    Index storage cost          : 8.5 KiB
2019-01-04 20:33:04 DEBUG load [KDTreeBase]    Inner nodes                 : 652
2019-01-04 20:33:04 DEBUG load [KDTreeBase]    Leaf nodes                  : 653
2019-01-04 20:33:04 DEBUG load [KDTreeBase]    Nonempty leaf nodes         : 480
2019-01-04 20:33:04 DEBUG load [KDTreeBase]    Leaf node histogram         : 0(173) 1(26) 2(27) 3(40) 
2019-01-04 20:33:04 DEBUG load [KDTreeBase]                                  4(120) 5(146) 6(109) 7(4) 
2019-01-04 20:33:04 DEBUG load [KDTreeBase]                                  8(0) 9(8) 10(0) 11(0) 
2019-01-04 20:33:04 DEBUG load [KDTreeBase]                                  12(0) 13(0) 14(0) 15(0) 
2019-01-04 20:33:04 DEBUG load [KDTreeBase] 
2019-01-04 20:33:04 DEBUG load [KDTreeBase] Qualitative kd-tree statistics:
2019-01-04 20:33:04 DEBUG load [KDTreeBase]    Retracted splits            : 7
2019-01-04 20:33:04 DEBUG load [KDTreeBase]    Pruned primitives           : 0
2019-01-04 20:33:04 DEBUG load [KDTreeBase]    Largest leaf node           : 9 primitives
2019-01-04 20:33:04 DEBUG load [KDTreeBase]    Avg. prims/nonempty leaf    : 4.51
2019-01-04 20:33:04 DEBUG load [KDTreeBase]    Expected traversals/query   : 8.60
2019-01-04 20:33:04 DEBUG load [KDTreeBase]    Expected leaf visits/query  : 3.20
2019-01-04 20:33:04 DEBUG load [KDTreeBase]    Expected prim. visits/query : 13.26
2019-01-04 20:33:04 DEBUG load [KDTreeBase]    Final cost                  : 394.26
2019-01-04 20:33:04 DEBUG load [KDTreeBase] 
2019-01-04 20:33:04 DEBUG load [ShapeKDTree] Precomputing triangle intersection information (52.1 KiB)
2019-01-04 20:33:04 DEBUG load [ShapeKDTree] Finished -- took 0 ms.
2019-01-04 20:33:04 DEBUG load [ShapeKDTree] 
2019-01-04 20:33:04 WARN  load [Scene] No emitters found -- adding sun & sky.
2019-01-04 20:33:04 INFO  load [PluginManager] Loading plugin "plugins\sunsky.dll" ..
2019-01-04 20:33:04 INFO  load [PluginManager] Loading plugin "plugins\sky.dll" ..
2019-01-04 20:33:05 DEBUG load [sunmodel.h:240] Computed sun position for LocationRecord[latitude = 35.6894, longitude = 139.692, timezone = 9] and DateTimeRecord[year = 2010, month= 7, day = 10, hour = 15, minute = 0, second = 0]: SphericalCoordinates[elevation = 43.9205, azimuth = 265.752]
2019-01-04 20:33:05 DEBUG load [SunSkyEmitter] Rasterizing sun & skylight emitter to an 512x256 environment map ..
2019-01-04 20:33:05 DEBUG load [sunmodel.h:240] Computed sun position for LocationRecord[latitude = 35.6894, longitude = 139.692, timezone = 9] and DateTimeRecord[year = 2010, month= 7, day = 10, hour = 15, minute = 0, second = 0]: SphericalCoordinates[elevation = 43.9205, azimuth = 265.752]
2019-01-04 20:33:05 DEBUG load [SunSkyEmitter] Done (took 48 ms)
2019-01-04 20:33:05 INFO  load [PluginManager] Loading plugin "plugins\envmap.dll" ..
2019-01-04 20:33:05 INFO  load [PluginManager] Loading plugin "plugins\lanczos.dll" ..
2019-01-04 20:33:06 DEBUG load [MIPMap] Created 1.0 MiB of MIP maps in 9 ms
2019-01-04 20:33:06 INFO  load [EnvironmentMap] Precomputing data structures for environment map sampling (515.0 KiB)
2019-01-04 20:33:06 INFO  load [EnvironmentMap] Done (took 0 ms)
2019-01-04 20:33:06 INFO  load [PluginManager] Loading plugin "plugins\sphere.dll" ..
2019-01-04 20:33:06 DEBUG load [Thread] Thread "load" has finished
2019-01-04 20:33:06 DEBUG prvw [GLProgram] Uploading a GPU program : GPUProgram[name = 'Background program']
2019-01-04 20:33:06 INFO  prvw [PluginManager] Loading plugin "plugins\halton.dll" ..
2019-01-04 20:33:07 DEBUG prvw [GLProgram] Uploading a GPU program : GPUProgram[name = 'vpl=EnvironmentMapShader, bsdf=SmoothDiffuseShader[ConstantSpectrumTextureShader], ds']
2019-01-04 20:33:08 DEBUG main [Thread] Spawning thread "rend"
2019-01-04 20:33:08 INFO  rend [SamplingIntegrator] Starting render job (768x576, 4 samples, 16 cores, SSE2 enabled) ..
2019-01-04 20:33:08 INFO  rend [RenderJob] Render time: 0.4060s
2019-01-04 20:33:08 DEBUG rend [HDRFilm] Developing film ..
2019-01-04 20:33:08 INFO  rend [HDRFilm] Writing image to "C:\Users\spark\code\terra\satellite\scenes\cornell-box\cornell-box-glossy.exr" ..
2019-01-04 20:33:08 DEBUG rend [Bitmap] Writing a 768x576 OpenEXR file
2019-01-04 20:33:08 DEBUG rend [Thread] Thread "rend" has finished
2019-01-04 20:33:36 INFO  main [PluginManager] Loading plugin "plugins\path.dll" ..
2019-01-04 20:33:37 DEBUG prvw [GLProgram] Uploading a GPU program : GPUProgram[name = 'vpl=SmoothDiffuseShader[ConstantSpectrumTextureShader], bsdf=SmoothDiffuseShader[ConstantSpectrumTextureShader], ds']
2019-01-04 20:33:42 DEBUG main [Thread] Spawning thread "rend"
2019-01-04 20:33:42 INFO  rend [SamplingIntegrator] Starting render job (1920x1080, 4 samples, 16 cores, SSE2 enabled) ..
2019-01-04 20:33:47 INFO  rend [RenderJob] Render time: 4.6790s
2019-01-04 20:33:47 DEBUG rend [HDRFilm] Developing film ..
2019-01-04 20:33:47 INFO  rend [HDRFilm] Writing image to "C:\Users\spark\code\terra\satellite\scenes\cornell-box\cornell-box-glossy.exr" ..
2019-01-04 20:33:47 DEBUG rend [Bitmap] Writing a 1920x1080 OpenEXR file
2019-01-04 20:33:47 DEBUG rend [Thread] Thread "rend" has finished
2019-01-04 20:35:27 DEBUG main [Thread] Spawning thread "load"
2019-01-04 20:35:27 INFO  load [sceneloader.cpp:101] Parsing scene description from "C:\Users\spark\code\terra\satellite\scenes\cornell-box\cornell-box-glossy.xml" ..
2019-01-04 20:35:27 WARN  load [scenehandler.cpp:795] In file "C:\Users\spark\code\terra\satellite\scenes\cornell-box\cornell-box-glossy.xml" (near line 47): Unqueried attribute "radiance" in element "bsdf"
2019-01-04 20:35:27 INFO  load [PluginManager] Loading plugin "plugins\area.dll" ..
2019-01-04 20:35:27 INFO  load [SerializedMesh] Loading shape 0 from "cornell-box-glossy.serialized" ..
2019-01-04 20:35:27 DEBUG load [SerializedMesh] Done (2 triangles, 6 vertices, 0 ms)
2019-01-04 20:35:27 INFO  load [SerializedMesh] Loading shape 1 from "cornell-box-glossy.serialized" ..
2019-01-04 20:35:27 DEBUG load [SerializedMesh] Done (2 triangles, 6 vertices, 0 ms)
2019-01-04 20:35:27 INFO  load [SerializedMesh] Loading shape 2 from "cornell-box-glossy.serialized" ..
2019-01-04 20:35:27 DEBUG load [SerializedMesh] Done (2 triangles, 6 vertices, 0 ms)
2019-01-04 20:35:27 INFO  load [SerializedMesh] Loading shape 3 from "cornell-box-glossy.serialized" ..
2019-01-04 20:35:27 DEBUG load [SerializedMesh] Done (2 triangles, 6 vertices, 0 ms)
2019-01-04 20:35:27 INFO  load [SerializedMesh] Loading shape 4 from "cornell-box-glossy.serialized" ..
2019-01-04 20:35:27 DEBUG load [SerializedMesh] Done (2 triangles, 6 vertices, 0 ms)
2019-01-04 20:35:27 INFO  load [SerializedMesh] Loading shape 5 from "cornell-box-glossy.serialized" ..
2019-01-04 20:35:27 DEBUG load [SerializedMesh] Done (2 triangles, 6 vertices, 0 ms)
2019-01-04 20:35:27 INFO  load [SerializedMesh] Loading shape 6 from "cornell-box-glossy.serialized" ..
2019-01-04 20:35:27 DEBUG load [SerializedMesh] Done (12 triangles, 24 vertices, 0 ms)
2019-01-04 20:35:27 INFO  load [SerializedMesh] Loading shape 7 from "cornell-box-glossy.serialized" ..
2019-01-04 20:35:27 DEBUG load [SerializedMesh] Done (1088 triangles, 628 vertices, 0 ms)
2019-01-04 20:35:27 INFO  load [Scene] No sensors found! Adding a perspective camera..
2019-01-04 20:35:27 INFO  load [KDTreeBase] Constructing a SAH kd-tree (1112 primitives) ..
2019-01-04 20:35:27 DEBUG load [KDTreeBase] Creating a preliminary index list (4.3 KiB)
2019-01-04 20:35:27 DEBUG load [KDTreeBase] Computed scene bounds in 0 ms
2019-01-04 20:35:27 DEBUG load [KDTreeBase] 
2019-01-04 20:35:27 DEBUG load [KDTreeBase] kd-tree configuration:
2019-01-04 20:35:27 DEBUG load [KDTreeBase]    Traversal cost           : 15.00
2019-01-04 20:35:27 DEBUG load [KDTreeBase]    Query cost               : 20.00
2019-01-04 20:35:27 DEBUG load [KDTreeBase]    Empty space bonus        : 0.90
2019-01-04 20:35:27 DEBUG load [KDTreeBase]    Max. tree depth          : 21
2019-01-04 20:35:27 DEBUG load [KDTreeBase]    Scene bounding box (min) : [-1.02, -0.0001, -1.04]
2019-01-04 20:35:27 DEBUG load [KDTreeBase]    Scene bounding box (max) : [1, 1.59, 0.99]
2019-01-04 20:35:27 DEBUG load [KDTreeBase]    Min-max bins             : 128
2019-01-04 20:35:27 DEBUG load [KDTreeBase]    O(n log n) method        : use for <= 65536 primitives
2019-01-04 20:35:27 DEBUG load [KDTreeBase]    Perfect splits           : yes
2019-01-04 20:35:27 DEBUG load [KDTreeBase]    Retract bad splits       : yes
2019-01-04 20:35:27 DEBUG load [KDTreeBase]    Stopping primitive count : 6
2019-01-04 20:35:27 DEBUG load [KDTreeBase]    Build tree in parallel   : no
2019-01-04 20:35:27 DEBUG load [KDTreeBase] 
2019-01-04 20:35:27 INFO  load [KDTreeBase] Finished -- took 5 ms.
2019-01-04 20:35:27 DEBUG load [KDTreeBase] 
2019-01-04 20:35:27 DEBUG load [KDTreeBase] Temporary memory statistics:
2019-01-04 20:35:27 DEBUG load [KDTreeBase]    Classification storage : 4.6 KiB
2019-01-04 20:35:27 DEBUG load [KDTreeBase]    Indirection entries    : 0 (0 B)
2019-01-04 20:35:27 DEBUG load [KDTreeBase]    Main thread:
2019-01-04 20:35:27 DEBUG load [KDTreeBase]       Left events   : 1 chunks (512.0 KiB)
2019-01-04 20:35:27 DEBUG load [KDTreeBase]       Right events  : 1 chunks (512.0 KiB)
2019-01-04 20:35:27 DEBUG load [KDTreeBase]       kd-tree nodes : 1317 entries, 1 blocks (512.0 KiB)
2019-01-04 20:35:27 DEBUG load [KDTreeBase]       Indices       : 2164 entries, 1 blocks (512.0 KiB)
2019-01-04 20:35:27 DEBUG load [KDTreeBase]    Total: 2.0 MiB
2019-01-04 20:35:27 DEBUG load [KDTreeBase] 
2019-01-04 20:35:27 DEBUG load [KDTreeBase] Optimizing memory layout ..
2019-01-04 20:35:27 DEBUG load [KDTreeBase] Finished -- took 0 ms.
2019-01-04 20:35:27 DEBUG load [KDTreeBase] 
2019-01-04 20:35:27 DEBUG load [KDTreeBase] Structural kd-tree statistics:
2019-01-04 20:35:27 DEBUG load [KDTreeBase]    Parallel work units         : 0
2019-01-04 20:35:27 DEBUG load [KDTreeBase]    Node storage cost           : 10.2 KiB
2019-01-04 20:35:27 DEBUG load [KDTreeBase]    Index storage cost          : 8.5 KiB
2019-01-04 20:35:27 DEBUG load [KDTreeBase]    Inner nodes                 : 652
2019-01-04 20:35:27 DEBUG load [KDTreeBase]    Leaf nodes                  : 653
2019-01-04 20:35:27 DEBUG load [KDTreeBase]    Nonempty leaf nodes         : 480
2019-01-04 20:35:27 DEBUG load [KDTreeBase]    Leaf node histogram         : 0(173) 1(26) 2(27) 3(40) 
2019-01-04 20:35:27 DEBUG load [KDTreeBase]                                  4(120) 5(146) 6(109) 7(4) 
2019-01-04 20:35:27 DEBUG load [KDTreeBase]                                  8(0) 9(8) 10(0) 11(0) 
2019-01-04 20:35:27 DEBUG load [KDTreeBase]                                  12(0) 13(0) 14(0) 15(0) 
2019-01-04 20:35:27 DEBUG load [KDTreeBase] 
2019-01-04 20:35:27 DEBUG load [KDTreeBase] Qualitative kd-tree statistics:
2019-01-04 20:35:27 DEBUG load [KDTreeBase]    Retracted splits            : 7
2019-01-04 20:35:27 DEBUG load [KDTreeBase]    Pruned primitives           : 0
2019-01-04 20:35:27 DEBUG load [KDTreeBase]    Largest leaf node           : 9 primitives
2019-01-04 20:35:27 DEBUG load [KDTreeBase]    Avg. prims/nonempty leaf    : 4.51
2019-01-04 20:35:27 DEBUG load [KDTreeBase]    Expected traversals/query   : 8.60
2019-01-04 20:35:27 DEBUG load [KDTreeBase]    Expected leaf visits/query  : 3.20
2019-01-04 20:35:27 DEBUG load [KDTreeBase]    Expected prim. visits/query : 13.26
2019-01-04 20:35:27 DEBUG load [KDTreeBase]    Final cost                  : 394.26
2019-01-04 20:35:27 DEBUG load [KDTreeBase] 
2019-01-04 20:35:27 DEBUG load [ShapeKDTree] Precomputing triangle intersection information (52.1 KiB)
2019-01-04 20:35:27 DEBUG load [ShapeKDTree] Finished -- took 0 ms.
2019-01-04 20:35:27 DEBUG load [ShapeKDTree] 
2019-01-04 20:35:27 DEBUG load [Thread] Thread "load" has finished
2019-01-04 20:35:28 DEBUG prvw [GLProgram] Freeing GPU program "vpl=EnvironmentMapShader, bsdf=SmoothDiffuseShader[ConstantSpectrumTextureShader], ds"
2019-01-04 20:35:28 DEBUG prvw [GLProgram] Freeing GPU program "vpl=SmoothDiffuseShader[ConstantSpectrumTextureShader], bsdf=SmoothDiffuseShader[ConstantSpectrumTextureShader], ds"
2019-01-04 20:35:28 DEBUG prvw [GLProgram] Freeing GPU program "Background program"
2019-01-04 20:35:28 DEBUG prvw [GLProgram] Uploading a GPU program : GPUProgram[name = 'vpl=AreaLightShader, bsdf=SmoothDiffuseShader[ConstantSpectrumTextureShader], ds']
2019-01-04 20:35:28 DEBUG prvw [GLProgram] Uploading a GPU program : GPUProgram[name = 'vpl=AreaLightShader, bsdf=SmoothDiffuseShader[ConstantSpectrumTextureShader], emitter=AreaLightShader, ds']
2019-01-04 20:35:40 DEBUG prvw [GLProgram] Uploading a GPU program : GPUProgram[name = 'vpl=SmoothDiffuseShader[ConstantSpectrumTextureShader], bsdf=SmoothDiffuseShader[ConstantSpectrumTextureShader], ds']
2019-01-04 20:35:40 DEBUG prvw [GLProgram] Uploading a GPU program : GPUProgram[name = 'vpl=SmoothDiffuseShader[ConstantSpectrumTextureShader], bsdf=SmoothDiffuseShader[ConstantSpectrumTextureShader], emitter=AreaLightShader, ds']
2019-01-04 20:35:51 DEBUG main [Thread] Spawning thread "rend"
2019-01-04 20:35:51 INFO  rend [SamplingIntegrator] Starting render job (1920x1080, 4 samples, 16 cores, SSE2 enabled) ..
2019-01-04 20:35:54 INFO  rend [RenderJob] Render time: 3.3300s
2019-01-04 20:35:54 DEBUG rend [HDRFilm] Developing film ..
2019-01-04 20:35:54 INFO  rend [HDRFilm] Writing image to "C:\Users\spark\code\terra\satellite\scenes\cornell-box\cornell-box-glossy.exr" ..
2019-01-04 20:35:54 DEBUG rend [Bitmap] Writing a 1920x1080 OpenEXR file
2019-01-04 20:35:54 DEBUG rend [Thread] Thread "rend" has finished
2019-01-04 20:40:05 DEBUG main [Thread] Spawning thread "rend"
2019-01-04 20:40:05 INFO  rend [SamplingIntegrator] Starting render job (1920x1080, 4 samples, 16 cores, SSE2 enabled) ..
2019-01-04 20:40:08 INFO  rend [RenderJob] Render time: 3.2710s
2019-01-04 20:40:08 DEBUG rend [HDRFilm] Developing film ..
2019-01-04 20:40:08 INFO  rend [HDRFilm] Writing image to "C:\Users\spark\code\terra\satellite\scenes\cornell-box\cornell-box-glossy.exr" ..
2019-01-04 20:40:08 DEBUG rend [Bitmap] Writing a 1920x1080 OpenEXR file
2019-01-04 20:40:08 DEBUG rend [Thread] Thread "rend" has finished
2019-01-04 20:45:32 DEBUG prvw [GLProgram] Freeing GPU program "vpl=AreaLightShader, bsdf=SmoothDiffuseShader[ConstantSpectrumTextureShader], ds"
2019-01-04 20:45:32 DEBUG prvw [GLProgram] Freeing GPU program "vpl=AreaLightShader, bsdf=SmoothDiffuseShader[ConstantSpectrumTextureShader], emitter=AreaLightShader, ds"
2019-01-04 20:45:32 DEBUG prvw [GLProgram] Freeing GPU program "vpl=SmoothDiffuseShader[ConstantSpectrumTextureShader], bsdf=SmoothDiffuseShader[ConstantSpectrumTextureShader], ds"
2019-01-04 20:45:32 DEBUG prvw [GLProgram] Freeing GPU program "vpl=SmoothDiffuseShader[ConstantSpectrumTextureShader], bsdf=SmoothDiffuseShader[ConstantSpectrumTextureShader], emitter=AreaLightShader, ds"
2019-01-04 20:45:32 DEBUG prvw [GLProgram] Uploading a GPU program : GPUProgram[name = 'Background program']
2019-01-04 20:45:32 DEBUG prvw [GLProgram] Uploading a GPU program : GPUProgram[name = 'vpl=EnvironmentMapShader, bsdf=SmoothDiffuseShader[ConstantSpectrumTextureShader], ds']
2019-01-04 20:45:32 DEBUG main [GLProgram] Freeing GPU program "vpl=EnvironmentMapShader, bsdf=SmoothDiffuseShader[ConstantSpectrumTextureShader], ds"
2019-01-04 20:45:32 DEBUG main [GLProgram] Freeing GPU program "Background program"
2019-01-04 20:45:32 DEBUG prvw [GLProgram] Freeing GPU program "Directional shadow map generator"
2019-01-04 20:45:32 DEBUG prvw [GLProgram] Freeing GPU program "Paraboloid shadow map generator"
2019-01-04 20:45:32 DEBUG prvw [GLProgram] Freeing GPU program "Cube/Hemicube shadow map generator (5/6 pass version)"
2019-01-04 20:45:32 DEBUG prvw [GLProgram] Freeing GPU program "Cube shadow map generator (1 pass version)"
2019-01-04 20:45:32 DEBUG prvw [GLProgram] Freeing GPU program "Hemicube shadow map generator (1 pass version)"
2019-01-04 20:45:32 DEBUG prvw [GLProgram] Freeing GPU program "Accumulation program"
2019-01-04 20:45:32 DEBUG prvw [WGLRenderer] Shutting down WGL Renderer
2019-01-04 20:45:32 DEBUG prvw [WGLDevice] Shutting down WGL device
2019-01-04 20:45:32 DEBUG prvw [Thread] Thread "prvw" has finished
2019-01-04 20:45:32 DEBUG wrk2 [Thread] Thread "wrk2" has finished
2019-01-04 20:45:32 DEBUG wrk4 [Thread] Thread "wrk4" has finished
2019-01-04 20:45:32 DEBUG wrk1 [Thread] Thread "wrk1" has finished
2019-01-04 20:45:32 DEBUG wrk5 [Thread] Thread "wrk5" has finished
2019-01-04 20:45:32 DEBUG wrk0 [Thread] Thread "wrk0" has finished
2019-01-04 20:45:32 DEBUG wrk7 [Thread] Thread "wrk7" has finished
2019-01-04 20:45:32 DEBUG wrk14[Thread] Thread "wrk14" has finished
2019-01-04 20:45:32 DEBUG wrk10[Thread] Thread "wrk10" has finished
2019-01-04 20:45:32 DEBUG wrk8 [Thread] Thread "wrk8" has finished
2019-01-04 20:45:32 DEBUG wrk9 [Thread] Thread "wrk9" has finished
2019-01-04 20:45:32 DEBUG wrk3 [Thread] Thread "wrk3" has finished
2019-01-04 20:45:32 DEBUG wrk12[Thread] Thread "wrk12" has finished
2019-01-04 20:45:32 DEBUG wrk13[Thread] Thread "wrk13" has finished
2019-01-04 20:45:32 DEBUG wrk11[Thread] Thread "wrk11" has finished
2019-01-04 20:45:32 DEBUG wrk15[Thread] Thread "wrk15" has finished
2019-01-04 20:45:32 DEBUG wrk6 [Thread] Thread "wrk6" has finished
2019-01-04 20:45:32 DEBUG main [GLProgram] Freeing GPU program "Log-luminance program"
2019-01-04 20:45:32 DEBUG main [GLProgram] Freeing GPU program "Downsampling program"
2019-01-04 20:45:32 DEBUG main [GLProgram] Freeing GPU program "Tonemapper [Reinhard et al. 2002]"
2019-01-04 20:45:32 DEBUG main [GLProgram] Freeing GPU program "Tonemapper [Gamma]"
2019-01-04 20:45:32 DEBUG main [WGLSession] Shutting down WGL session
2019-01-04 20:45:32 INFO  main [statistics.cpp:142] Statistics:
------------------------------------------------------------
 * Loaded plugins :
    -  plugins\area.dll [Area light]
    -  plugins\diffuse.dll [Smooth diffuse BRDF]
    -  plugins\direct.dll [Direct illumination integrator]
    -  plugins\envmap.dll [Environment map]
    -  plugins\gaussian.dll [Gaussian reconstruction filter]
    -  plugins\halton.dll [Halton QMC sampler]
    -  plugins\hdrfilm.dll [High dynamic range film]
    -  plugins\independent.dll [Independent sampler]
    -  plugins\lanczos.dll [Lanczos Sinc filter]
    -  plugins\path.dll [MI path tracer]
    -  plugins\perspective.dll [Perspective camera]
    -  plugins\serialized.dll [Serialized mesh loader]
    -  plugins\sky.dll [Skylight emitter]
    -  plugins\sphere.dll [Sphere intersection primitive]
    -  plugins\sunsky.dll [Sun & sky emitter]

  * General :
    -  Normal rays traced : 30.055 M
    -  Shadow rays traced : 14.798 M

  * Path tracer :
    -  Average path length : 3.17 (26.29 M / 8.29 M)

  * Texture system :
    -  Filtered texture lookups : 0.00 % (0.00 of 6.00)

  * VPL renderer :
    -  Max. # of drawn triangles : 1.112 K
    -  Max. # of resident shaders : 7
    -  Pruned VPLs : 8.33 % (1.00 of 12.00)
------------------------------------------------------------
